<?xml version="1.0" encoding="UTF-8"?>
<testng-results ignored="0" total="3" passed="3" failed="0" skipped="0">
  <reporter-output>
  </reporter-output>
  <suite started-at="2021-08-24T00:31:47Z" name="SuiteLogin" finished-at="2021-08-24T00:31:53Z" duration-ms="5808">
    <groups>
    </groups>
    <test started-at="2021-08-24T00:31:47Z" name="Datos Correctos" finished-at="2021-08-24T00:31:51Z" duration-ms="3183">
      <class name="TestCasoUnitario.TestCU_correcto">
        <test-method is-config="true" signature="abrir_chrome()[pri:0, instance:TestCasoUnitario.TestCU_correcto@59e32960]" started-at="2021-08-24T00:31:47Z" name="abrir_chrome" finished-at="2021-08-24T00:31:50Z" duration-ms="2441" status="PASS">
          <reporter-output>
          </reporter-output>
        </test-method> <!-- abrir_chrome -->
        <test-method signature="login()[pri:0, instance:TestCasoUnitario.TestCU_correcto@59e32960]" started-at="2021-08-24T00:31:50Z" name="login" finished-at="2021-08-24T00:31:50Z" duration-ms="178" status="PASS">
          <reporter-output>
          </reporter-output>
        </test-method> <!-- login -->
        <test-method is-config="true" signature="salir()[pri:0, instance:TestCasoUnitario.TestCU_correcto@59e32960]" started-at="2021-08-24T00:31:50Z" name="salir" finished-at="2021-08-24T00:31:51Z" duration-ms="544" status="PASS">
          <reporter-output>
          </reporter-output>
        </test-method> <!-- salir -->
      </class> <!-- TestCasoUnitario.TestCU_correcto -->
    </test> <!-- Datos Correctos -->
    <test started-at="2021-08-24T00:31:51Z" name="Datos Incorrectos" finished-at="2021-08-24T00:31:52Z" duration-ms="1305">
      <class name="TestCasoUnitario.TestCU_incorrecto">
        <test-method is-config="true" signature="abrir_chrome()[pri:0, instance:TestCasoUnitario.TestCU_incorrecto@1e44b638]" started-at="2021-08-24T00:31:51Z" name="abrir_chrome" finished-at="2021-08-24T00:31:52Z" duration-ms="913" status="PASS">
          <reporter-output>
          </reporter-output>
        </test-method> <!-- abrir_chrome -->
        <test-method signature="login()[pri:0, instance:TestCasoUnitario.TestCU_incorrecto@1e44b638]" started-at="2021-08-24T00:31:52Z" name="login" finished-at="2021-08-24T00:31:52Z" duration-ms="146" status="PASS">
          <reporter-output>
          </reporter-output>
        </test-method> <!-- login -->
        <test-method is-config="true" signature="salir()[pri:0, instance:TestCasoUnitario.TestCU_incorrecto@1e44b638]" started-at="2021-08-24T00:31:52Z" name="salir" finished-at="2021-08-24T00:31:52Z" duration-ms="244" status="PASS">
          <reporter-output>
          </reporter-output>
        </test-method> <!-- salir -->
      </class> <!-- TestCasoUnitario.TestCU_incorrecto -->
    </test> <!-- Datos Incorrectos -->
    <test started-at="2021-08-24T00:31:52Z" name="Datos Vacios" finished-at="2021-08-24T00:31:53Z" duration-ms="1216">
      <class name="TestCasoUnitario.TestCU_vacio">
        <test-method is-config="true" signature="abrir_chrome()[pri:0, instance:TestCasoUnitario.TestCU_vacio@7922d892]" started-at="2021-08-24T00:31:52Z" name="abrir_chrome" finished-at="2021-08-24T00:31:53Z" duration-ms="883" status="PASS">
          <reporter-output>
          </reporter-output>
        </test-method> <!-- abrir_chrome -->
        <test-method signature="login()[pri:0, instance:TestCasoUnitario.TestCU_vacio@7922d892]" started-at="2021-08-24T00:31:53Z" name="login" finished-at="2021-08-24T00:31:53Z" duration-ms="118" status="PASS">
          <reporter-output>
          </reporter-output>
        </test-method> <!-- login -->
        <test-method is-config="true" signature="salir()[pri:0, instance:TestCasoUnitario.TestCU_vacio@7922d892]" started-at="2021-08-24T00:31:53Z" name="salir" finished-at="2021-08-24T00:31:53Z" duration-ms="212" status="PASS">
          <reporter-output>
          </reporter-output>
        </test-method> <!-- salir -->
      </class> <!-- TestCasoUnitario.TestCU_vacio -->
    </test> <!-- Datos Vacios -->
  </suite> <!-- SuiteLogin -->
</testng-results>
